# JRE version: OpenJDK Runtime Environment Temurin-21.0.8+9 (21.0.8+9) (build 21.0.8+9-LTS)
# Java VM: OpenJDK 64-Bit Server VM Temurin-21.0.8+9 (21.0.8+9-LTS, mixed mode, sharing, tiered, compressed oops, compressed class ptrs, parallel gc, windows-amd64)
GC Precious Log:
 CardTable entry size: 512
 CPUs: 4 total, 4 available
 Memory: 3911M
 Large Page Support: Disabled
 NUMA Support: Disabled
 Compressed Oops: Enabled (32-bit)
 Alignments: Space 512K, Generation 512K, Heap 2M
 Heap Min Capacity: 100M
 Heap Initial Capacity: 100M
 Heap Max Capacity: 2G
 Pre-touch: Disabled
 Parallel Workers: 4
Heap:
 PSYoungGen      total 2048K, used 1479K [0x00000000d5580000, 0x00000000d5880000, 0x0000000100000000)
  eden space 1536K, 87% used [0x00000000d5580000,0x00000000d56d1d80,0x00000000d5700000)
  from space 512K, 25% used [0x00000000d5800000,0x00000000d5820000,0x00000000d5880000)
  to   space 512K, 0% used [0x00000000d5780000,0x00000000d5780000,0x00000000d5800000)
 ParOldGen       total 1027584K, used 265730K [0x0000000080000000, 0x00000000beb80000, 0x00000000d5580000)
  object space 1027584K, 25% used [0x0000000080000000,0x0000000090380b48,0x00000000beb80000)
 Metaspace       used 77633K, committed 79232K, reserved 1179648K
  class space    used 8116K, committed 8832K, reserved 1048576K
GC Heap History (20 events):
Event: 784.855 GC heap before
{Heap before GC invocations=1901 (full 4):
 PSYoungGen      total 2048K, used 1728K [0x00000000d5580000, 0x00000000d5880000, 0x0000000100000000)
  eden space 1536K, 100% used [0x00000000d5580000,0x00000000d5700000,0x00000000d5700000)
  from space 512K, 37% used [0x00000000d5800000,0x00000000d5830000,0x00000000d5880000)
  to   space 512K, 0% used [0x00000000d5780000,0x00000000d5780000,0x00000000d5800000)
 ParOldGen       total 1027584K, used 232948K [0x0000000080000000, 0x00000000beb80000, 0x00000000d5580000)
  object space 1027584K, 22% used [0x0000000080000000,0x000000008e37d0a0,0x00000000beb80000)
 Metaspace       used 77511K, committed 79104K, reserved 1179648K
  class space    used 8110K, committed 8832K, reserved 1048576K
}
Event: 784.859 GC heap after
{Heap after GC invocations=1901 (full 4):
 PSYoungGen      total 2048K, used 192K [0x00000000d5580000, 0x00000000d5880000, 0x0000000100000000)
  eden space 1536K, 0% used [0x00000000d5580000,0x00000000d5580000,0x00000000d5700000)
  from space 512K, 37% used [0x00000000d5780000,0x00000000d57b0000,0x00000000d5800000)
  to   space 512K, 0% used [0x00000000d5800000,0x00000000d5800000,0x00000000d5880000)
 ParOldGen       total 1027584K, used 233058K [0x0000000080000000, 0x00000000beb80000, 0x00000000d5580000)
  object space 1027584K, 22% used [0x0000000080000000,0x000000008e398820,0x00000000beb80000)
 Metaspace       used 77511K, committed 79104K, reserved 1179648K
  class space    used 8110K, committed 8832K, reserved 1048576K
}
Event: 784.944 GC heap before
{Heap before GC invocations=1902 (full 4):
 PSYoungGen      total 2048K, used 1722K [0x00000000d5580000, 0x00000000d5880000, 0x0000000100000000)
  eden space 1536K, 99% used [0x00000000d5580000,0x00000000d56fe978,0x00000000d5700000)
  from space 512K, 37% used [0x00000000d5780000,0x00000000d57b0000,0x00000000d5800000)
  to   space 512K, 0% used [0x00000000d5800000,0x00000000d5800000,0x00000000d5880000)
 ParOldGen       total 1027584K, used 233058K [0x0000000080000000, 0x00000000beb80000, 0x00000000d5580000)
  object space 1027584K, 22% used [0x0000000080000000,0x000000008e398820,0x00000000beb80000)
 Metaspace       used 77512K, committed 79104K, reserved 1179648K
  class space    used 8110K, committed 8832K, reserved 1048576K
}
Event: 784.947 GC heap after
{Heap after GC invocations=1902 (full 4):
 PSYoungGen      total 2048K, used 384K [0x00000000d5580000, 0x00000000d5880000, 0x0000000100000000)
  eden space 1536K, 0% used [0x00000000d5580000,0x00000000d5580000,0x00000000d5700000)
  from space 512K, 75% used [0x00000000d5800000,0x00000000d5860000,0x00000000d5880000)
  to   space 512K, 0% used [0x00000000d5780000,0x00000000d5780000,0x00000000d5800000)
 ParOldGen       total 1027584K, used 233196K [0x0000000080000000, 0x00000000beb80000, 0x00000000d5580000)
  object space 1027584K, 22% used [0x0000000080000000,0x000000008e3bb2d0,0x00000000beb80000)
 Metaspace       used 77512K, committed 79104K, reserved 1179648K
  class space    used 8110K, committed 8832K, reserved 1048576K
}
Event: 785.289 GC heap before
{Heap before GC invocations=1903 (full 4):
 PSYoungGen      total 2048K, used 1920K [0x00000000d5580000, 0x00000000d5880000, 0x0000000100000000)
  eden space 1536K, 100% used [0x00000000d5580000,0x00000000d5700000,0x00000000d5700000)
  from space 512K, 75% used [0x00000000d5800000,0x00000000d5860000,0x00000000d5880000)
  to   space 512K, 0% used [0x00000000d5780000,0x00000000d5780000,0x00000000d5800000)
 ParOldGen       total 1027584K, used 233196K [0x0000000080000000, 0x00000000beb80000, 0x00000000d5580000)
  object space 1027584K, 22% used [0x0000000080000000,0x000000008e3bb2d0,0x00000000beb80000)
 Metaspace       used 77513K, committed 79104K, reserved 1179648K
  class space    used 8110K, committed 8832K, reserved 1048576K
}
Event: 785.294 GC heap after
{Heap after GC invocations=1903 (full 4):
 PSYoungGen      total 2048K, used 224K [0x00000000d5580000, 0x00000000d5880000, 0x0000000100000000)
  eden space 1536K, 0% used [0x00000000d5580000,0x00000000d5580000,0x00000000d5700000)
  from space 512K, 43% used [0x00000000d5780000,0x00000000d57b8000,0x00000000d5800000)
  to   space 512K, 0% used [0x00000000d5800000,0x00000000d5800000,0x00000000d5880000)
 ParOldGen       total 1027584K, used 233532K [0x0000000080000000, 0x00000000beb80000, 0x00000000d5580000)
  object space 1027584K, 22% used [0x0000000080000000,0x000000008e40f2d0,0x00000000beb80000)
 Metaspace       used 77513K, committed 79104K, reserved 1179648K
  class space    used 8110K, committed 8832K, reserved 1048576K
}
Event: 785.409 GC heap before
{Heap before GC invocations=1904 (full 4):
 PSYoungGen      total 2048K, used 1760K [0x00000000d5580000, 0x00000000d5880000, 0x0000000100000000)
  eden space 1536K, 100% used [0x00000000d5580000,0x00000000d5700000,0x00000000d5700000)
  from space 512K, 43% used [0x00000000d5780000,0x00000000d57b8000,0x00000000d5800000)
  to   space 512K, 0% used [0x00000000d5800000,0x00000000d5800000,0x00000000d5880000)
 ParOldGen       total 1027584K, used 233532K [0x0000000080000000, 0x00000000beb80000, 0x00000000d5580000)
  object space 1027584K, 22% used [0x0000000080000000,0x000000008e40f2d0,0x00000000beb80000)
 Metaspace       used 77516K, committed 79104K, reserved 1179648K
  class space    used 8110K, committed 8832K, reserved 1048576K
}
Event: 785.413 GC heap after
{Heap after GC invocations=1904 (full 4):
 PSYoungGen      total 2048K, used 288K [0x00000000d5580000, 0x00000000d5880000, 0x0000000100000000)
  eden space 1536K, 0% used [0x00000000d5580000,0x00000000d5580000,0x00000000d5700000)
  from space 512K, 56% used [0x00000000d5800000,0x00000000d5848000,0x00000000d5880000)
  to   space 512K, 0% used [0x00000000d5780000,0x00000000d5780000,0x00000000d5800000)
 ParOldGen       total 1027584K, used 233700K [0x0000000080000000, 0x00000000beb80000, 0x00000000d5580000)
  object space 1027584K, 22% used [0x0000000080000000,0x000000008e4392d0,0x00000000beb80000)
 Metaspace       used 77516K, committed 79104K, reserved 1179648K
  class space    used 8110K, committed 8832K, reserved 1048576K
}
Event: 785.496 GC heap before
{Heap before GC invocations=1905 (full 4):
 PSYoungGen      total 2048K, used 1824K [0x00000000d5580000, 0x00000000d5880000, 0x0000000100000000)
  eden space 1536K, 100% used [0x00000000d5580000,0x00000000d5700000,0x00000000d5700000)
  from space 512K, 56% used [0x00000000d5800000,0x00000000d5848000,0x00000000d5880000)
  to   space 512K, 0% used [0x00000000d5780000,0x00000000d5780000,0x00000000d5800000)
 ParOldGen       total 1027584K, used 233700K [0x0000000080000000, 0x00000000beb80000, 0x00000000d5580000)
  object space 1027584K, 22% used [0x0000000080000000,0x000000008e4392d0,0x00000000beb80000)
 Metaspace       used 77522K, committed 79104K, reserved 1179648K
  class space    used 8110K, committed 8832K, reserved 1048576K
}
Event: 785.499 GC heap after
{Heap after GC invocations=1905 (full 4):
 PSYoungGen      total 2048K, used 256K [0x00000000d5580000, 0x00000000d5880000, 0x0000000100000000)
  eden space 1536K, 0% used [0x00000000d5580000,0x00000000d5580000,0x00000000d5700000)
  from space 512K, 50% used [0x00000000d5780000,0x00000000d57c0000,0x00000000d5800000)
  to   space 512K, 0% used [0x00000000d5800000,0x00000000d5800000,0x00000000d5880000)
 ParOldGen       total 1027584K, used 233916K [0x0000000080000000, 0x00000000beb80000, 0x00000000d5580000)
  object space 1027584K, 22% used [0x0000000080000000,0x000000008e46f2d0,0x00000000beb80000)
 Metaspace       used 77522K, committed 79104K, reserved 1179648K
  class space    used 8110K, committed 8832K, reserved 1048576K
}
Event: 785.573 GC heap before
{Heap before GC invocations=1906 (full 4):
 PSYoungGen      total 2048K, used 1792K [0x00000000d5580000, 0x00000000d5880000, 0x0000000100000000)
  eden space 1536K, 100% used [0x00000000d5580000,0x00000000d5700000,0x00000000d5700000)
  from space 512K, 50% used [0x00000000d5780000,0x00000000d57c0000,0x00000000d5800000)
  to   space 512K, 0% used [0x00000000d5800000,0x00000000d5800000,0x00000000d5880000)
 ParOldGen       total 1027584K, used 233916K [0x0000000080000000, 0x00000000beb80000, 0x00000000d5580000)
  object space 1027584K, 22% used [0x0000000080000000,0x000000008e46f2d0,0x00000000beb80000)
 Metaspace       used 77540K, committed 79168K, reserved 1179648K
  class space    used 8110K, committed 8832K, reserved 1048576K
}
Event: 785.577 GC heap after
{Heap after GC invocations=1906 (full 4):
 PSYoungGen      total 2048K, used 352K [0x00000000d5580000, 0x00000000d5880000, 0x0000000100000000)
  eden space 1536K, 0% used [0x00000000d5580000,0x00000000d5580000,0x00000000d5700000)
  from space 512K, 68% used [0x00000000d5800000,0x00000000d5858000,0x00000000d5880000)
  to   space 512K, 0% used [0x00000000d5780000,0x00000000d5780000,0x00000000d5800000)
 ParOldGen       total 1027584K, used 234116K [0x0000000080000000, 0x00000000beb80000, 0x00000000d5580000)
  object space 1027584K, 22% used [0x0000000080000000,0x000000008e4a12d0,0x00000000beb80000)
 Metaspace       used 77540K, committed 79168K, reserved 1179648K
  class space    used 8110K, committed 8832K, reserved 1048576K
}
Event: 785.608 GC heap before
{Heap before GC invocations=1907 (full 4):
 PSYoungGen      total 2048K, used 1888K [0x00000000d5580000, 0x00000000d5880000, 0x0000000100000000)
  eden space 1536K, 100% used [0x00000000d5580000,0x00000000d5700000,0x00000000d5700000)
  from space 512K, 68% used [0x00000000d5800000,0x00000000d5858000,0x00000000d5880000)
  to   space 512K, 0% used [0x00000000d5780000,0x00000000d5780000,0x00000000d5800000)
 ParOldGen       total 1027584K, used 234116K [0x0000000080000000, 0x00000000beb80000, 0x00000000d5580000)
  object space 1027584K, 22% used [0x0000000080000000,0x000000008e4a12d0,0x00000000beb80000)
 Metaspace       used 77540K, committed 79168K, reserved 1179648K
  class space    used 8110K, committed 8832K, reserved 1048576K
}
Event: 785.613 GC heap after
{Heap after GC invocations=1907 (full 4):
 PSYoungGen      total 2048K, used 320K [0x00000000d5580000, 0x00000000d5880000, 0x0000000100000000)
  eden space 1536K, 0% used [0x00000000d5580000,0x00000000d5580000,0x00000000d5700000)
  from space 512K, 62% used [0x00000000d5780000,0x00000000d57d0000,0x00000000d5800000)
  to   space 512K, 0% used [0x00000000d5800000,0x00000000d5800000,0x00000000d5880000)
 ParOldGen       total 1027584K, used 234412K [0x0000000080000000, 0x00000000beb80000, 0x00000000d5580000)
  object space 1027584K, 22% used [0x0000000080000000,0x000000008e4eb300,0x00000000beb80000)
 Metaspace       used 77540K, committed 79168K, reserved 1179648K
  class space    used 8110K, committed 8832K, reserved 1048576K
}
Event: 786.138 GC heap before
{Heap before GC invocations=1908 (full 4):
 PSYoungGen      total 2048K, used 1855K [0x00000000d5580000, 0x00000000d5880000, 0x0000000100000000)
  eden space 1536K, 99% used [0x00000000d5580000,0x00000000d56fffe8,0x00000000d5700000)
  from space 512K, 62% used [0x00000000d5780000,0x00000000d57d0000,0x00000000d5800000)
  to   space 512K, 0% used [0x00000000d5800000,0x00000000d5800000,0x00000000d5880000)
 ParOldGen       total 1027584K, used 234412K [0x0000000080000000, 0x00000000beb80000, 0x00000000d5580000)
  object space 1027584K, 22% used [0x0000000080000000,0x000000008e4eb300,0x00000000beb80000)
 Metaspace       used 77569K, committed 79168K, reserved 1179648K
  class space    used 8110K, committed 8832K, reserved 1048576K
}
Event: 786.143 GC heap after
{Heap after GC invocations=1908 (full 4):
 PSYoungGen      total 2048K, used 352K [0x00000000d5580000, 0x00000000d5880000, 0x0000000100000000)
  eden space 1536K, 0% used [0x00000000d5580000,0x00000000d5580000,0x00000000d5700000)
  from space 512K, 68% used [0x00000000d5800000,0x00000000d5858000,0x00000000d5880000)
  to   space 512K, 0% used [0x00000000d5780000,0x00000000d5780000,0x00000000d5800000)
 ParOldGen       total 1027584K, used 234683K [0x0000000080000000, 0x00000000beb80000, 0x00000000d5580000)
  object space 1027584K, 22% used [0x0000000080000000,0x000000008e52ed98,0x00000000beb80000)
 Metaspace       used 77569K, committed 79168K, reserved 1179648K
  class space    used 8110K, committed 8832K, reserved 1048576K
}
Event: 788.231 GC heap before
{Heap before GC invocations=1909 (full 4):
 PSYoungGen      total 2048K, used 1888K [0x00000000d5580000, 0x00000000d5880000, 0x0000000100000000)
  eden space 1536K, 100% used [0x00000000d5580000,0x00000000d5700000,0x00000000d5700000)
  from space 512K, 68% used [0x00000000d5800000,0x00000000d5858000,0x00000000d5880000)
  to   space 512K, 0% used [0x00000000d5780000,0x00000000d5780000,0x00000000d5800000)
 ParOldGen       total 1027584K, used 234683K [0x0000000080000000, 0x00000000beb80000, 0x00000000d5580000)
  object space 1027584K, 22% used [0x0000000080000000,0x000000008e52ed98,0x00000000beb80000)
 Metaspace       used 77608K, committed 79232K, reserved 1179648K
  class space    used 8116K, committed 8832K, reserved 1048576K
}
Event: 788.241 GC heap after
{Heap after GC invocations=1909 (full 4):
 PSYoungGen      total 2048K, used 224K [0x00000000d5580000, 0x00000000d5880000, 0x0000000100000000)
  eden space 1536K, 0% used [0x00000000d5580000,0x00000000d5580000,0x00000000d5700000)
  from space 512K, 43% used [0x00000000d5780000,0x00000000d57b8000,0x00000000d5800000)
  to   space 512K, 0% used [0x00000000d5800000,0x00000000d5800000,0x00000000d5880000)
 ParOldGen       total 1027584K, used 234917K [0x0000000080000000, 0x00000000beb80000, 0x00000000d5580000)
  object space 1027584K, 22% used [0x0000000080000000,0x000000008e569768,0x00000000beb80000)
 Metaspace       used 77608K, committed 79232K, reserved 1179648K
  class space    used 8116K, committed 8832K, reserved 1048576K
}
Event: 791.313 GC heap before
{Heap before GC invocations=1910 (full 4):
 PSYoungGen      total 2048K, used 1759K [0x00000000d5580000, 0x00000000d5880000, 0x0000000100000000)
  eden space 1536K, 99% used [0x00000000d5580000,0x00000000d56ffff0,0x00000000d5700000)
  from space 512K, 43% used [0x00000000d5780000,0x00000000d57b8000,0x00000000d5800000)
  to   space 512K, 0% used [0x00000000d5800000,0x00000000d5800000,0x00000000d5880000)
 ParOldGen       total 1027584K, used 265637K [0x0000000080000000, 0x00000000beb80000, 0x00000000d5580000)
  object space 1027584K, 25% used [0x0000000080000000,0x0000000090369798,0x00000000beb80000)
 Metaspace       used 77623K, committed 79232K, reserved 1179648K
  class space    used 8116K, committed 8832K, reserved 1048576K
}
Event: 791.320 GC heap after
{Heap after GC invocations=1910 (full 4):
 PSYoungGen      total 2048K, used 128K [0x00000000d5580000, 0x00000000d5880000, 0x0000000100000000)
  eden space 1536K, 0% used [0x00000000d5580000,0x00000000d5580000,0x00000000d5700000)
  from space 512K, 25% used [0x00000000d5800000,0x00000000d5820000,0x00000000d5880000)
  to   space 512K, 0% used [0x00000000d5780000,0x00000000d5780000,0x00000000d5800000)
 ParOldGen       total 1027584K, used 265730K [0x0000000080000000, 0x00000000beb80000, 0x00000000d5580000)
  object space 1027584K, 25% used [0x0000000080000000,0x0000000090380b48,0x00000000beb80000)
 Metaspace       used 77623K, committed 79232K, reserved 1179648K
  class space    used 8116K, committed 8832K, reserved 1048576K
}

